Using pre-set license
Built from '2020.2/release' branch; Version is '2020.2.4f1 (becced5a802b) revision 12504301'; Using compiler version '192528614'; Build Type 'Release'
OS: 'Windows 10 Pro; OS build 19041.928; Version 2004; 64bit' Language: 'tr' Physical Memory: 8049 MB
BatchMode: 1, IsHumanControllingUs: 0, StartBugReporterOnCrash: 0, Is64bit: 1, IsPro: 0

 COMMAND LINE ARGUMENTS:
C:\Program Files\Unity\Hub\Editor\2020.2.4f1\Editor\Unity.exe
-adb2
-batchMode
-noUpm
-name
AssetImportWorker0
-projectPath
D:/GitHub/ELTTURKEY
-logFile
Logs/AssetImportWorker0.log
-srvPort
52331
Successfully changed project path to: D:/GitHub/ELTTURKEY
D:/GitHub/ELTTURKEY
Using Asset Import Pipeline V2.
Refreshing native plugins compatible for Editor in 30.99 ms, found 1 plugins.
Preloading 0 native plugins for Editor in 0.00 ms.
Initialize engine version: 2020.2.4f1 (becced5a802b)
[Subsystems] Discovering subsystems at path C:/Program Files/Unity/Hub/Editor/2020.2.4f1/Editor/Data/Resources/UnitySubsystems
[Subsystems] Discovering subsystems at path D:/GitHub/ELTTURKEY/Assets
GfxDevice: creating device client; threaded=0
Direct3D:
    Version:  Direct3D 11.0 [level 11.1]
    Renderer: NVIDIA GeForce GTX 1650 (ID=0x1f91)
    Vendor:   
    VRAM:     3962 MB
    Driver:   27.21.14.6156
Initialize mono
Mono path[0] = 'C:/Program Files/Unity/Hub/Editor/2020.2.4f1/Editor/Data/Managed'
Mono path[1] = 'C:/Program Files/Unity/Hub/Editor/2020.2.4f1/Editor/Data/MonoBleedingEdge/lib/mono/unityjit'
Mono config path = 'C:/Program Files/Unity/Hub/Editor/2020.2.4f1/Editor/Data/MonoBleedingEdge/etc'
Using monoOptions --debugger-agent=transport=dt_socket,embedding=1,server=y,suspend=n,address=127.0.0.1:56304
Begin MonoManager ReloadAssembly
Registering precompiled unity dll's ...
Register platform support module: C:/Program Files/Unity/Hub/Editor/2020.2.4f1/Editor/Data/PlaybackEngines/WindowsStandaloneSupport/UnityEditor.WindowsStandalone.Extensions.dll
Registered in 0.002016 seconds.
Native extension for WindowsStandalone target not found
Refreshing native plugins compatible for Editor in 31.32 ms, found 1 plugins.
Preloading 0 native plugins for Editor in 0.00 ms.
Invoked RoslynAnalysisRunner static constructor.
RoslynAnalysisRunner will not be running.
RoslynAnalysisRunner has terminated.
Mono: successfully reloaded assembly
- Completed reload, in  1.735 seconds
Platform modules already initialized, skipping
Registering precompiled user dll's ...
Registered in 0.001070 seconds.
Begin MonoManager ReloadAssembly
Native extension for WindowsStandalone target not found
Refreshing native plugins compatible for Editor in 31.53 ms, found 1 plugins.
Preloading 0 native plugins for Editor in 0.00 ms.
Invoked RoslynAnalysisRunner static constructor.
RoslynAnalysisRunner will not be running.
RoslynAnalysisRunner has terminated.
Mono: successfully reloaded assembly
- Completed reload, in  0.825 seconds
Platform modules already initialized, skipping
========================================================================
Worker process is ready to serve import requests
Launched and connected shader compiler UnityShaderCompiler.exe after 0.06 seconds
Refreshing native plugins compatible for Editor in 0.32 ms, found 1 plugins.
Preloading 0 native plugins for Editor in 0.00 ms.
Unloading 1801 Unused Serialized files (Serialized files now loaded: 0)
System memory in use before: 84.5 MB.
System memory in use after: 84.4 MB.

Unloading 24 unused Assets to reduce memory usage. Loaded Objects now: 2243.
Total: 2.313400 ms (FindLiveObjects: 0.290200 ms CreateObjectMapping: 0.102400 ms MarkObjects: 1.767400 ms  DeleteObjects: 0.152300 ms)

========================================================================
Received Import Request.
  path: Assets/Scenes/SampleScene.unity
  artifactKey: Guid(0bdd76633c7dc0e44ae8aa92681ab550) Importer(815301076,1909f56bfc062723c751e8b465ee728b)
Start importing Assets/Scenes/SampleScene.unity using Guid(0bdd76633c7dc0e44ae8aa92681ab550) Importer(815301076,1909f56bfc062723c751e8b465ee728b)  -> (artifact id: '66c4693f6ef9e67ef0d98226bb62a623') in 0.012384 seconds
  Import took 0.017400 seconds .

========================================================================
Received Import Request.
  Time since last request: 11.510966 seconds.
  path: Assets/Scenes/TaskScene.unity
  artifactKey: Guid(0bdd76633c7dc0e44ae8aa92681ab550) Importer(815301076,1909f56bfc062723c751e8b465ee728b)
Start importing Assets/Scenes/TaskScene.unity using Guid(0bdd76633c7dc0e44ae8aa92681ab550) Importer(815301076,1909f56bfc062723c751e8b465ee728b)  -> (artifact id: '308b30a10ab44e3ead5321c28f3a5ac9') in 0.002125 seconds
  Import took 0.007045 seconds .

========================================================================
Received Import Request.
  Time since last request: 0.002946 seconds.
  path: Assets/Scenes/TaskScene.unity
  artifactKey: Guid(0bdd76633c7dc0e44ae8aa92681ab550) Importer(815301076,1909f56bfc062723c751e8b465ee728b)
Start importing Assets/Scenes/TaskScene.unity using Guid(0bdd76633c7dc0e44ae8aa92681ab550) Importer(815301076,1909f56bfc062723c751e8b465ee728b)  -> (artifact id: '308b30a10ab44e3ead5321c28f3a5ac9') in 0.001909 seconds
  Import took 0.005752 seconds .

========================================================================
Received Prepare
Refreshing native plugins compatible for Editor in 1.29 ms, found 1 plugins.
Preloading 0 native plugins for Editor in 0.00 ms.
Unloading 10 Unused Serialized files (Serialized files now loaded: 0)
System memory in use before: 49.0 MB.
System memory in use after: 49.0 MB.

Unloading 10 unused Assets to reduce memory usage. Loaded Objects now: 2243.
Total: 2.546800 ms (FindLiveObjects: 0.269800 ms CreateObjectMapping: 0.074700 ms MarkObjects: 2.110300 ms  DeleteObjects: 0.089300 ms)

========================================================================
Received Prepare
Registering precompiled user dll's ...
Registered in 0.000728 seconds.
Begin MonoManager ReloadAssembly
Native extension for WindowsStandalone target not found
Refreshing native plugins compatible for Editor in 0.35 ms, found 1 plugins.
Preloading 0 native plugins for Editor in 0.00 ms.
Invoked RoslynAnalysisRunner static constructor.
RoslynAnalysisRunner will not be running.
RoslynAnalysisRunner has terminated.
Mono: successfully reloaded assembly
- Completed reload, in  0.785 seconds
Platform modules already initialized, skipping
Refreshing native plugins compatible for Editor in 1.39 ms, found 1 plugins.
Preloading 0 native plugins for Editor in 0.00 ms.
Unloading 1796 Unused Serialized files (Serialized files now loaded: 0)
System memory in use before: 84.5 MB.
System memory in use after: 84.5 MB.

Unloading 12 unused Assets to reduce memory usage. Loaded Objects now: 2246.
Total: 5.645800 ms (FindLiveObjects: 0.529700 ms CreateObjectMapping: 0.298600 ms MarkObjects: 4.577500 ms  DeleteObjects: 0.237200 ms)

========================================================================
Received Prepare
Registering precompiled user dll's ...
Registered in 0.000775 seconds.
Begin MonoManager ReloadAssembly
Native extension for WindowsStandalone target not found
Refreshing native plugins compatible for Editor in 0.32 ms, found 1 plugins.
Preloading 0 native plugins for Editor in 0.00 ms.
Invoked RoslynAnalysisRunner static constructor.
RoslynAnalysisRunner will not be running.
RoslynAnalysisRunner has terminated.
Mono: successfully reloaded assembly
- Completed reload, in  0.828 seconds
Platform modules already initialized, skipping
Refreshing native plugins compatible for Editor in 0.34 ms, found 1 plugins.
Preloading 0 native plugins for Editor in 0.00 ms.
Unloading 1796 Unused Serialized files (Serialized files now loaded: 0)
System memory in use before: 84.5 MB.
System memory in use after: 84.5 MB.

Unloading 12 unused Assets to reduce memory usage. Loaded Objects now: 2249.
Total: 2.143100 ms (FindLiveObjects: 0.209600 ms CreateObjectMapping: 0.061500 ms MarkObjects: 1.729900 ms  DeleteObjects: 0.140900 ms)

========================================================================
Received Prepare
Registering precompiled user dll's ...
Registered in 0.000818 seconds.
Begin MonoManager ReloadAssembly
Native extension for WindowsStandalone target not found
Refreshing native plugins compatible for Editor in 0.38 ms, found 1 plugins.
Preloading 0 native plugins for Editor in 0.00 ms.
Invoked RoslynAnalysisRunner static constructor.
RoslynAnalysisRunner will not be running.
RoslynAnalysisRunner has terminated.
Mono: successfully reloaded assembly
- Completed reload, in  0.752 seconds
Platform modules already initialized, skipping
Refreshing native plugins compatible for Editor in 0.33 ms, found 1 plugins.
Preloading 0 native plugins for Editor in 0.00 ms.
Unloading 1796 Unused Serialized files (Serialized files now loaded: 0)
System memory in use before: 84.5 MB.
System memory in use after: 84.5 MB.

Unloading 12 unused Assets to reduce memory usage. Loaded Objects now: 2252.
Total: 2.180300 ms (FindLiveObjects: 0.259800 ms CreateObjectMapping: 0.064800 ms MarkObjects: 1.756300 ms  DeleteObjects: 0.097900 ms)

========================================================================
Received Prepare
Registering precompiled user dll's ...
Registered in 0.000746 seconds.
Begin MonoManager ReloadAssembly
Native extension for WindowsStandalone target not found
Refreshing native plugins compatible for Editor in 0.63 ms, found 1 plugins.
Preloading 0 native plugins for Editor in 0.00 ms.
Invoked RoslynAnalysisRunner static constructor.
RoslynAnalysisRunner will not be running.
RoslynAnalysisRunner has terminated.
Mono: successfully reloaded assembly
- Completed reload, in  0.842 seconds
Platform modules already initialized, skipping
Refreshing native plugins compatible for Editor in 0.32 ms, found 1 plugins.
Preloading 0 native plugins for Editor in 0.00 ms.
Unloading 1796 Unused Serialized files (Serialized files now loaded: 0)
System memory in use before: 84.5 MB.
System memory in use after: 84.5 MB.

Unloading 12 unused Assets to reduce memory usage. Loaded Objects now: 2255.
Total: 2.170800 ms (FindLiveObjects: 0.225400 ms CreateObjectMapping: 0.053000 ms MarkObjects: 1.748400 ms  DeleteObjects: 0.143100 ms)

========================================================================
Received Prepare
Registering precompiled user dll's ...
Registered in 0.000734 seconds.
Begin MonoManager ReloadAssembly
Native extension for WindowsStandalone target not found
Refreshing native plugins compatible for Editor in 0.40 ms, found 1 plugins.
Preloading 0 native plugins for Editor in 0.00 ms.
Invoked RoslynAnalysisRunner static constructor.
RoslynAnalysisRunner will not be running.
RoslynAnalysisRunner has terminated.
Mono: successfully reloaded assembly
- Completed reload, in  0.733 seconds
Platform modules already initialized, skipping
Refreshing native plugins compatible for Editor in 0.33 ms, found 1 plugins.
Preloading 0 native plugins for Editor in 0.00 ms.
Unloading 1796 Unused Serialized files (Serialized files now loaded: 0)
System memory in use before: 84.5 MB.
System memory in use after: 84.5 MB.

Unloading 12 unused Assets to reduce memory usage. Loaded Objects now: 2258.
Total: 2.210400 ms (FindLiveObjects: 0.242100 ms CreateObjectMapping: 0.061100 ms MarkObjects: 1.764500 ms  DeleteObjects: 0.141200 ms)

========================================================================
Received Prepare
Registering precompiled user dll's ...
Registered in 0.000765 seconds.
Begin MonoManager ReloadAssembly
Native extension for WindowsStandalone target not found
Refreshing native plugins compatible for Editor in 0.37 ms, found 1 plugins.
Preloading 0 native plugins for Editor in 0.00 ms.
Invoked RoslynAnalysisRunner static constructor.
RoslynAnalysisRunner will not be running.
RoslynAnalysisRunner has terminated.
Mono: successfully reloaded assembly
- Completed reload, in  0.761 seconds
Platform modules already initialized, skipping
Refreshing native plugins compatible for Editor in 0.32 ms, found 1 plugins.
Preloading 0 native plugins for Editor in 0.00 ms.
Unloading 1796 Unused Serialized files (Serialized files now loaded: 0)
System memory in use before: 84.6 MB.
System memory in use after: 84.5 MB.

Unloading 12 unused Assets to reduce memory usage. Loaded Objects now: 2261.
Total: 2.136200 ms (FindLiveObjects: 0.196500 ms CreateObjectMapping: 0.061300 ms MarkObjects: 1.781400 ms  DeleteObjects: 0.095900 ms)

========================================================================
Received Prepare
Registering precompiled user dll's ...
Registered in 0.000747 seconds.
Begin MonoManager ReloadAssembly
Native extension for WindowsStandalone target not found
Refreshing native plugins compatible for Editor in 0.33 ms, found 1 plugins.
Preloading 0 native plugins for Editor in 0.00 ms.
Invoked RoslynAnalysisRunner static constructor.
RoslynAnalysisRunner will not be running.
RoslynAnalysisRunner has terminated.
Mono: successfully reloaded assembly
- Completed reload, in  0.744 seconds
Platform modules already initialized, skipping
Refreshing native plugins compatible for Editor in 0.32 ms, found 1 plugins.
Preloading 0 native plugins for Editor in 0.00 ms.
Unloading 1796 Unused Serialized files (Serialized files now loaded: 0)
System memory in use before: 84.6 MB.
System memory in use after: 84.6 MB.

Unloading 12 unused Assets to reduce memory usage. Loaded Objects now: 2264.
Total: 2.167100 ms (FindLiveObjects: 0.176200 ms CreateObjectMapping: 0.054200 ms MarkObjects: 1.797800 ms  DeleteObjects: 0.137800 ms)

========================================================================
Received Prepare
Registering precompiled user dll's ...
Registered in 0.000720 seconds.
Begin MonoManager ReloadAssembly
Native extension for WindowsStandalone target not found
Refreshing native plugins compatible for Editor in 0.34 ms, found 1 plugins.
Preloading 0 native plugins for Editor in 0.00 ms.
Invoked RoslynAnalysisRunner static constructor.
RoslynAnalysisRunner will not be running.
RoslynAnalysisRunner has terminated.
Mono: successfully reloaded assembly
- Completed reload, in  0.736 seconds
Platform modules already initialized, skipping
Refreshing native plugins compatible for Editor in 0.32 ms, found 1 plugins.
Preloading 0 native plugins for Editor in 0.00 ms.
Unloading 1796 Unused Serialized files (Serialized files now loaded: 0)
System memory in use before: 84.6 MB.
System memory in use after: 84.6 MB.

Unloading 12 unused Assets to reduce memory usage. Loaded Objects now: 2267.
Total: 2.314100 ms (FindLiveObjects: 0.469700 ms CreateObjectMapping: 0.156300 ms MarkObjects: 1.589000 ms  DeleteObjects: 0.097200 ms)

========================================================================
Received Prepare
Registering precompiled user dll's ...
Registered in 0.001020 seconds.
Begin MonoManager ReloadAssembly
Native extension for WindowsStandalone target not found
Refreshing native plugins compatible for Editor in 0.33 ms, found 1 plugins.
Preloading 0 native plugins for Editor in 0.00 ms.
Invoked RoslynAnalysisRunner static constructor.
RoslynAnalysisRunner will not be running.
RoslynAnalysisRunner has terminated.
Mono: successfully reloaded assembly
- Completed reload, in  0.784 seconds
Platform modules already initialized, skipping
Refreshing native plugins compatible for Editor in 0.37 ms, found 1 plugins.
Preloading 0 native plugins for Editor in 0.00 ms.
Unloading 1796 Unused Serialized files (Serialized files now loaded: 0)
System memory in use before: 84.6 MB.
System memory in use after: 84.6 MB.

Unloading 12 unused Assets to reduce memory usage. Loaded Objects now: 2270.
Total: 2.008800 ms (FindLiveObjects: 0.215200 ms CreateObjectMapping: 0.085700 ms MarkObjects: 1.606200 ms  DeleteObjects: 0.100100 ms)

========================================================================
Received Prepare
Refreshing native plugins compatible for Editor in 1.60 ms, found 1 plugins.
Preloading 0 native plugins for Editor in 0.00 ms.
Unloading 10 Unused Serialized files (Serialized files now loaded: 0)
System memory in use before: 49.3 MB.
System memory in use after: 49.3 MB.

Unloading 10 unused Assets to reduce memory usage. Loaded Objects now: 2270.
Total: 2.063800 ms (FindLiveObjects: 0.187800 ms CreateObjectMapping: 0.072100 ms MarkObjects: 1.706900 ms  DeleteObjects: 0.095700 ms)

========================================================================
Received Import Request.
  Time since last request: 972.622267 seconds.
  path: Assets/Exit.png
  artifactKey: Guid(44cc0af9547d4fa4283550d4dbbc2215) Importer(815301076,1909f56bfc062723c751e8b465ee728b)
Start importing Assets/Exit.png using Guid(44cc0af9547d4fa4283550d4dbbc2215) Importer(815301076,1909f56bfc062723c751e8b465ee728b)  -> (artifact id: '753271646956d3be101f55de92babdaa') in 0.113619 seconds
  Import took 0.117728 seconds .

========================================================================
Received Import Request.
  Time since last request: 8.447339 seconds.
  path: Assets/Exit.png
  artifactKey: Guid(44cc0af9547d4fa4283550d4dbbc2215) Importer(815301076,1909f56bfc062723c751e8b465ee728b)
Start importing Assets/Exit.png using Guid(44cc0af9547d4fa4283550d4dbbc2215) Importer(815301076,1909f56bfc062723c751e8b465ee728b)  -> (artifact id: '547bb9a4ad2847b74989d3513f6747bd') in 0.022299 seconds
  Import took 0.026936 seconds .

========================================================================
Received Import Request.
  Time since last request: 3.910224 seconds.
  path: Assets/Exit.png
  artifactKey: Guid(44cc0af9547d4fa4283550d4dbbc2215) Importer(815301076,1909f56bfc062723c751e8b465ee728b)
Start importing Assets/Exit.png using Guid(44cc0af9547d4fa4283550d4dbbc2215) Importer(815301076,1909f56bfc062723c751e8b465ee728b)  -> (artifact id: 'f9af46d98e231b38b171bdb60be12f6c') in 0.010832 seconds
  Import took 0.014493 seconds .

========================================================================
Received Import Request.
  Time since last request: 35.077997 seconds.
  path: Assets/Exit.png
  artifactKey: Guid(44cc0af9547d4fa4283550d4dbbc2215) Importer(815301076,1909f56bfc062723c751e8b465ee728b)
Start importing Assets/Exit.png using Guid(44cc0af9547d4fa4283550d4dbbc2215) Importer(815301076,1909f56bfc062723c751e8b465ee728b)  -> (artifact id: '1e63536807cb7883a67c10bc0acbd9c1') in 0.016915 seconds
  Import took 0.021212 seconds .

========================================================================
Received Import Request.
  Time since last request: 6.577022 seconds.
  path: Assets/Exit.png
  artifactKey: Guid(44cc0af9547d4fa4283550d4dbbc2215) Importer(815301076,1909f56bfc062723c751e8b465ee728b)
Start importing Assets/Exit.png using Guid(44cc0af9547d4fa4283550d4dbbc2215) Importer(815301076,1909f56bfc062723c751e8b465ee728b)  -> (artifact id: '5c8e256737ca489560cddc135d679c55') in 0.020968 seconds
  Import took 0.024191 seconds .

========================================================================
Received Import Request.
  Time since last request: 21.743745 seconds.
  path: Assets/Exit.png
  artifactKey: Guid(44cc0af9547d4fa4283550d4dbbc2215) Importer(815301076,1909f56bfc062723c751e8b465ee728b)
Start importing Assets/Exit.png using Guid(44cc0af9547d4fa4283550d4dbbc2215) Importer(815301076,1909f56bfc062723c751e8b465ee728b)  -> (artifact id: '32e6baee52e057040a5674a147674329') in 0.016665 seconds
  Import took 0.019608 seconds .

========================================================================
Received Prepare
Registering precompiled user dll's ...
Registered in 0.000720 seconds.
Begin MonoManager ReloadAssembly
Native extension for WindowsStandalone target not found
Refreshing native plugins compatible for Editor in 0.32 ms, found 1 plugins.
Preloading 0 native plugins for Editor in 0.00 ms.
Invoked RoslynAnalysisRunner static constructor.
RoslynAnalysisRunner will not be running.
RoslynAnalysisRunner has terminated.
Mono: successfully reloaded assembly
- Completed reload, in  0.739 seconds
Platform modules already initialized, skipping
Refreshing native plugins compatible for Editor in 1.58 ms, found 1 plugins.
Preloading 0 native plugins for Editor in 0.00 ms.
Unloading 1796 Unused Serialized files (Serialized files now loaded: 0)
System memory in use before: 87.7 MB.
System memory in use after: 87.7 MB.

Unloading 12 unused Assets to reduce memory usage. Loaded Objects now: 2279.
Total: 2.659000 ms (FindLiveObjects: 0.231200 ms CreateObjectMapping: 0.077900 ms MarkObjects: 2.247000 ms  DeleteObjects: 0.101600 ms)

========================================================================
Received Prepare
Registering precompiled user dll's ...
Registered in 0.000791 seconds.
Begin MonoManager ReloadAssembly
Native extension for WindowsStandalone target not found
Refreshing native plugins compatible for Editor in 0.36 ms, found 1 plugins.
Preloading 0 native plugins for Editor in 0.00 ms.
Invoked RoslynAnalysisRunner static constructor.
RoslynAnalysisRunner will not be running.
RoslynAnalysisRunner has terminated.
Mono: successfully reloaded assembly
- Completed reload, in  0.778 seconds
Platform modules already initialized, skipping
Refreshing native plugins compatible for Editor in 0.31 ms, found 1 plugins.
Preloading 0 native plugins for Editor in 0.00 ms.
Unloading 1796 Unused Serialized files (Serialized files now loaded: 0)
System memory in use before: 87.7 MB.
System memory in use after: 87.7 MB.

Unloading 12 unused Assets to reduce memory usage. Loaded Objects now: 2282.
Total: 2.800100 ms (FindLiveObjects: 0.370400 ms CreateObjectMapping: 0.116600 ms MarkObjects: 2.166100 ms  DeleteObjects: 0.144800 ms)

========================================================================
Received Prepare
Registering precompiled user dll's ...
Registered in 0.000727 seconds.
Begin MonoManager ReloadAssembly
Native extension for WindowsStandalone target not found
Refreshing native plugins compatible for Editor in 0.33 ms, found 1 plugins.
Preloading 0 native plugins for Editor in 0.00 ms.
Invoked RoslynAnalysisRunner static constructor.
RoslynAnalysisRunner will not be running.
RoslynAnalysisRunner has terminated.
Mono: successfully reloaded assembly
- Completed reload, in  0.744 seconds
Platform modules already initialized, skipping
Refreshing native plugins compatible for Editor in 0.31 ms, found 1 plugins.
Preloading 0 native plugins for Editor in 0.00 ms.
Unloading 1796 Unused Serialized files (Serialized files now loaded: 0)
System memory in use before: 87.7 MB.
System memory in use after: 87.7 MB.

Unloading 12 unused Assets to reduce memory usage. Loaded Objects now: 2285.
Total: 2.054600 ms (FindLiveObjects: 0.347700 ms CreateObjectMapping: 0.055800 ms MarkObjects: 1.559600 ms  DeleteObjects: 0.090000 ms)

========================================================================
Received Prepare
Registering precompiled user dll's ...
Registered in 0.000814 seconds.
Begin MonoManager ReloadAssembly
Native extension for WindowsStandalone target not found
Refreshing native plugins compatible for Editor in 0.32 ms, found 1 plugins.
Preloading 0 native plugins for Editor in 0.00 ms.
Invoked RoslynAnalysisRunner static constructor.
RoslynAnalysisRunner will not be running.
RoslynAnalysisRunner has terminated.
Mono: successfully reloaded assembly
- Completed reload, in  0.769 seconds
Platform modules already initialized, skipping
Refreshing native plugins compatible for Editor in 0.32 ms, found 1 plugins.
Preloading 0 native plugins for Editor in 0.00 ms.
Unloading 1796 Unused Serialized files (Serialized files now loaded: 0)
System memory in use before: 87.7 MB.
System memory in use after: 87.7 MB.

Unloading 12 unused Assets to reduce memory usage. Loaded Objects now: 2288.
Total: 1.850600 ms (FindLiveObjects: 0.172200 ms CreateObjectMapping: 0.063300 ms MarkObjects: 1.527000 ms  DeleteObjects: 0.087000 ms)

========================================================================
Received Prepare
Registering precompiled user dll's ...
Registered in 0.000958 seconds.
Begin MonoManager ReloadAssembly
Native extension for WindowsStandalone target not found
Refreshing native plugins compatible for Editor in 0.33 ms, found 1 plugins.
Preloading 0 native plugins for Editor in 0.00 ms.
Invoked RoslynAnalysisRunner static constructor.
RoslynAnalysisRunner will not be running.
RoslynAnalysisRunner has terminated.
Mono: successfully reloaded assembly
- Completed reload, in  0.738 seconds
Platform modules already initialized, skipping
Refreshing native plugins compatible for Editor in 0.31 ms, found 1 plugins.
Preloading 0 native plugins for Editor in 0.00 ms.
Unloading 1796 Unused Serialized files (Serialized files now loaded: 0)
System memory in use before: 87.7 MB.
System memory in use after: 87.7 MB.

Unloading 12 unused Assets to reduce memory usage. Loaded Objects now: 2291.
Total: 1.974800 ms (FindLiveObjects: 0.245500 ms CreateObjectMapping: 0.061700 ms MarkObjects: 1.577400 ms  DeleteObjects: 0.088100 ms)

AssetImportWorkerClient::OnTransportError - code=2 error=End of file
